0 info it worked if it ends with ok
1 verbose cli [ '/usr/local/bin/node', '/usr/local/bin/npm', 'run', 'serve' ]
2 info using npm@3.10.10
3 info using node@v6.11.1
4 verbose run-script [ 'preserve', 'serve', 'postserve' ]
5 info lifecycle tabler-ui@0.0.32~preserve: tabler-ui@0.0.32
6 silly lifecycle tabler-ui@0.0.32~preserve: no script for preserve, continuing
7 info lifecycle tabler-ui@0.0.32~serve: tabler-ui@0.0.32
8 verbose lifecycle tabler-ui@0.0.32~serve: unsafe-perm in lifecycle true
9 verbose lifecycle tabler-ui@0.0.32~serve: PATH: /usr/local/lib/node_modules/npm/bin/node-gyp-bin:/Users/francisgoodship/Google Drive/hackqc/git/node_modules/.bin:/Library/Frameworks/Python.framework/Versions/3.6/bin:/usr/local/bin:/usr/bin:/bin:/usr/sbin:/sbin:/opt/X11/bin:/opt/ImageMagick/bin
10 verbose lifecycle tabler-ui@0.0.32~serve: CWD: /Users/francisgoodship/Google Drive/hackqc/git
11 silly lifecycle tabler-ui@0.0.32~serve: Args: [ '-c',
11 silly lifecycle   'gulp build && npm-run-all --parallel gulp-watch jekyll-serve' ]
12 silly lifecycle tabler-ui@0.0.32~serve: Returned: code: 1  signal: null
13 info lifecycle tabler-ui@0.0.32~serve: Failed to exec serve script
14 verbose stack Error: tabler-ui@0.0.32 serve: `gulp build && npm-run-all --parallel gulp-watch jekyll-serve`
14 verbose stack Exit status 1
14 verbose stack     at EventEmitter.<anonymous> (/usr/local/lib/node_modules/npm/lib/utils/lifecycle.js:255:16)
14 verbose stack     at emitTwo (events.js:106:13)
14 verbose stack     at EventEmitter.emit (events.js:191:7)
14 verbose stack     at ChildProcess.<anonymous> (/usr/local/lib/node_modules/npm/lib/utils/spawn.js:40:14)
14 verbose stack     at emitTwo (events.js:106:13)
14 verbose stack     at ChildProcess.emit (events.js:191:7)
14 verbose stack     at maybeClose (internal/child_process.js:891:16)
14 verbose stack     at Process.ChildProcess._handle.onexit (internal/child_process.js:226:5)
15 verbose pkgid tabler-ui@0.0.32
16 verbose cwd /Users/francisgoodship/Google Drive/hackqc/git
17 error Darwin 15.6.0
18 error argv "/usr/local/bin/node" "/usr/local/bin/npm" "run" "serve"
19 error node v6.11.1
20 error npm  v3.10.10
21 error code ELIFECYCLE
22 error tabler-ui@0.0.32 serve: `gulp build && npm-run-all --parallel gulp-watch jekyll-serve`
22 error Exit status 1
23 error Failed at the tabler-ui@0.0.32 serve script 'gulp build && npm-run-all --parallel gulp-watch jekyll-serve'.
23 error Make sure you have the latest version of node.js and npm installed.
23 error If you do, this is most likely a problem with the tabler-ui package,
23 error not with npm itself.
23 error Tell the author that this fails on your system:
23 error     gulp build && npm-run-all --parallel gulp-watch jekyll-serve
23 error You can get information on how to open an issue for this project with:
23 error     npm bugs tabler-ui
23 error Or if that isn't available, you can get their info via:
23 error     npm owner ls tabler-ui
23 error There is likely additional logging output above.
24 verbose exit [ 1, true ]
